
> grok@0.1.0 build
> prisma generate && next build

Loaded Prisma config from prisma.config.ts.

Prisma schema loaded from prisma\schema.prisma.

✔ Generated Prisma Client (7.8.0) to .\src\generated\prisma in 342ms

▲ Next.js 16.2.9 (Turbopack)
- Environments: .env.local, .env

⚠ The "middleware" file convention is deprecated. Please use "proxy" instead. Learn more: https://nextjs.org/docs/messages/middleware-to-proxy
  Creating an optimized production build ...
Turbopack build encountered 1 warnings:
./next.config.ts
Encountered unexpected file in NFT list
A file was traced that indicates that the whole project was traced unintentionally. Somewhere in the import trace below, there are:
- filesystem operations (like path.join, path.resolve or fs.readFile), or
- very dynamic requires (like require('./' + foo)).
To resolve this, you can
- remove them if possible, or
- only use them in development, or
- make sure they are statically scoped to some subfolder: path.join(process.cwd(), 'data', bar), or
- add ignore comments: path.join(/*turbopackIgnore: true*/ process.cwd(), bar)

Import trace:
  App Route:
    ./next.config.ts
    ./src/lib/prisma.ts
    ./src/app/api/setup/route.ts


✓ Compiled successfully in 35.5s
  Running TypeScript ...
  Finished TypeScript in 19.3s ...
  Collecting page data using 3 workers ...
  Generating static pages using 3 workers (0/6) ...
  Generating static pages using 3 workers (1/6) 
  Generating static pages using 3 workers (2/6) 
  Generating static pages using 3 workers (4/6) 
✓ Generating static pages using 3 workers (6/6) in 1361ms
  Finalizing page optimization ...

Route (app)
┌ ƒ /
├ ƒ /_not-found
├ ƒ /about
├ ƒ /admin
├ ƒ /admin/collections
├ ƒ /admin/coupons
├ ƒ /admin/gallery
├ ƒ /admin/hero
├ ƒ /admin/login
├ ƒ /admin/products
├ ƒ /admin/reviews
├ ƒ /admin/seo
├ ƒ /admin/services
├ ƒ /admin/settings
├ ƒ /admin/submissions
├ ƒ /api/auth/[...nextauth]
├ ƒ /api/blob/[...slug]
├ ƒ /api/contact
├ ƒ /api/setup
├ ƒ /api/upload
├ ƒ /collections/[slug]
├ ƒ /contact
├ ƒ /contact/thank-you
├ ƒ /gallery
├ ƒ /offers
├ ƒ /reviews
├ ○ /robots.txt
├ ƒ /services
├ ƒ /services/[slug]
├ ƒ /shop
└ ƒ /sitemap.xml


ƒ Proxy (Middleware)

○  (Static)   prerendered as static content
ƒ  (Dynamic)  server-rendered on demand

